  [opt] Using torch.compile for graph optimization
  [data] Using synthetic dataset
Loaded precomputed dataset from data/dataset_musdb_200k.pt: 200000 samples
  [data] Loaded cached dataset from data/dataset_musdb_200k.pt
Precomputing 2000 samples...
  2000/2000
Precomputation complete: 2000 samples cached.
  [opt] torch.compile applied to model
IDSP Multi-Type EQ Estimator Training
  Device: cuda
  Parameters: 1,850,672
  Train batches: 175, Val batches: 2
  Max epochs: 80
  Receptive field: 61 frames

  [curriculum] Epoch 1: stage 'warmup' (gumbel_tau=1.50, lambda_type=1.5, lr_warmup=200 steps)
  [grads] step=0 grad_gain=0.1910 | grad_type=0.0240
  [train] step=10 loss=53.4169 lr=3.35e-05 | embed_var_loss=0.0000 | contrastive_loss=0.0630 | loss_gain=28.6831 | loss_freq=3.6589 | loss_q=0.8528 | param_loss=49.7923 | type_loss=1.7037 | hmag_loss=2.1516 | spectral_loss=0.0000 | activity_loss=0.0000 | spread_loss=-0.6488 | embed_var=0.9380
  [grads] step=10 grad_gain=0.1826 | grad_type=0.0241
  [train] step=20 loss=52.6504 lr=3.70e-05 | embed_var_loss=0.0000 | contrastive_loss=0.0604 | loss_gain=28.3188 | loss_freq=3.6296 | loss_q=0.8893 | param_loss=49.2565 | type_loss=1.5680 | hmag_loss=2.0991 | spectral_loss=0.0000 | activity_loss=0.0000 | spread_loss=-0.6810 | embed_var=0.9404
  [grads] step=20 grad_gain=0.1840 | grad_type=0.0175
  [train] step=30 loss=51.1488 lr=4.05e-05 | embed_var_loss=0.0000 | contrastive_loss=0.0593 | loss_gain=27.4911 | loss_freq=3.5707 | loss_q=0.8860 | param_loss=47.9217 | type_loss=1.4764 | hmag_loss=2.0390 | spectral_loss=0.0000 | activity_loss=0.0000 | spread_loss=-0.6436 | embed_var=0.9412
  [grads] step=30 grad_gain=0.1814 | grad_type=0.0122
  [train] step=40 loss=49.4047 lr=4.40e-05 | embed_var_loss=0.0000 | contrastive_loss=0.0645 | loss_gain=26.3482 | loss_freq=3.6216 | loss_q=0.8926 | param_loss=46.2937 | type_loss=1.4160 | hmag_loss=1.9876 | spectral_loss=0.0000 | activity_loss=0.0000 | spread_loss=-0.6660 | embed_var=0.9366
  [grads] step=40 grad_gain=0.1845 | grad_type=0.0063
  [train] step=50 loss=48.6685 lr=4.75e-05 | embed_var_loss=0.0000 | contrastive_loss=0.0596 | loss_gain=26.0304 | loss_freq=3.5075 | loss_q=0.8748 | param_loss=45.6191 | type_loss=1.3953 | hmag_loss=1.9278 | spectral_loss=0.0000 | activity_loss=0.0000 | spread_loss=-0.6673 | embed_var=0.9411
  [grads] step=50 grad_gain=0.1808 | grad_type=0.0052
  [train] step=60 loss=46.0964 lr=5.10e-05 | embed_var_loss=0.0000 | contrastive_loss=0.0583 | loss_gain=24.0340 | loss_freq=3.6784 | loss_q=0.9438 | param_loss=42.9845 | type_loss=1.4295 | hmag_loss=1.9509 | spectral_loss=0.0000 | activity_loss=0.0000 | spread_loss=-0.6768 | embed_var=0.9421
  [grads] step=60 grad_gain=0.1846 | grad_type=0.0043
  [train] step=70 loss=45.0935 lr=5.45e-05 | embed_var_loss=0.0000 | contrastive_loss=0.0604 | loss_gain=23.4081 | loss_freq=3.7075 | loss_q=0.9031 | param_loss=42.0280 | type_loss=1.4092 | hmag_loss=1.9176 | spectral_loss=0.0000 | activity_loss=0.0000 | spread_loss=-0.6595 | embed_var=0.9402
  [grads] step=70 grad_gain=0.1840 | grad_type=0.0050
  [train] step=80 loss=44.2810 lr=5.80e-05 | embed_var_loss=0.0000 | contrastive_loss=0.0609 | loss_gain=22.9386 | loss_freq=3.6392 | loss_q=0.9185 | param_loss=41.2444 | type_loss=1.3940 | hmag_loss=1.9051 | spectral_loss=0.0000 | activity_loss=0.0000 | spread_loss=-0.6501 | embed_var=0.9397
  [grads] step=80 grad_gain=0.2109 | grad_type=0.0065
  [train] step=90 loss=43.8190 lr=6.15e-05 | embed_var_loss=0.0000 | contrastive_loss=0.0617 | loss_gain=22.4881 | loss_freq=3.7178 | loss_q=0.9548 | param_loss=40.7409 | type_loss=1.4093 | hmag_loss=1.9422 | spectral_loss=0.0000 | activity_loss=0.0000 | spread_loss=-0.6607 | embed_var=0.9389
  [grads] step=90 grad_gain=0.1792 | grad_type=0.0067
  [train] step=100 loss=42.4951 lr=6.50e-05 | embed_var_loss=0.0000 | contrastive_loss=0.0598 | loss_gain=21.7523 | loss_freq=3.5985 | loss_q=0.9473 | param_loss=39.4472 | type_loss=1.3914 | hmag_loss=1.9367 | spectral_loss=0.0000 | activity_loss=0.0000 | spread_loss=-0.6756 | embed_var=0.9406
  [grads] step=100 grad_gain=0.2019 | grad_type=0.0053
  [train] step=110 loss=43.5179 lr=6.85e-05 | embed_var_loss=0.0000 | contrastive_loss=0.0645 | loss_gain=22.2187 | loss_freq=3.8224 | loss_q=0.9615 | param_loss=40.5039 | type_loss=1.3927 | hmag_loss=1.8636 | spectral_loss=0.0000 | activity_loss=0.0000 | spread_loss=-0.6678 | embed_var=0.9361
  [grads] step=110 grad_gain=0.2009 | grad_type=0.0044
  [train] step=120 loss=43.7506 lr=7.20e-05 | embed_var_loss=0.0000 | contrastive_loss=0.0619 | loss_gain=22.5330 | loss_freq=3.7261 | loss_q=0.9130 | param_loss=40.7581 | type_loss=1.3630 | hmag_loss=1.9102 | spectral_loss=0.0000 | activity_loss=0.0000 | spread_loss=-0.6638 | embed_var=0.9387
  [grads] step=120 grad_gain=0.1997 | grad_type=0.0065
  [train] step=130 loss=42.2745 lr=7.55e-05 | embed_var_loss=0.0000 | contrastive_loss=0.0624 | loss_gain=21.4037 | loss_freq=3.8197 | loss_q=0.9570 | param_loss=39.2707 | type_loss=1.3700 | hmag_loss=1.9118 | spectral_loss=0.0000 | activity_loss=0.0000 | spread_loss=-0.6637 | embed_var=0.9382
  [grads] step=130 grad_gain=0.1922 | grad_type=0.0085
  [train] step=140 loss=42.6332 lr=7.90e-05 | embed_var_loss=0.0000 | contrastive_loss=0.0604 | loss_gain=21.8160 | loss_freq=3.6802 | loss_q=0.9521 | param_loss=39.6725 | type_loss=1.3710 | hmag_loss=1.8231 | spectral_loss=0.0000 | activity_loss=0.0000 | spread_loss=-0.6693 | embed_var=0.9401
  [grads] step=140 grad_gain=0.1945 | grad_type=0.0054
  [train] step=150 loss=42.0625 lr=8.25e-05 | embed_var_loss=0.0000 | contrastive_loss=0.0606 | loss_gain=21.5268 | loss_freq=3.5984 | loss_q=0.9190 | param_loss=39.0664 | type_loss=1.3806 | hmag_loss=1.8656 | spectral_loss=0.0000 | activity_loss=0.0000 | spread_loss=-0.6830 | embed_var=0.9399
  [grads] step=150 grad_gain=0.2060 | grad_type=0.0047
  [train] step=160 loss=40.8484 lr=8.60e-05 | embed_var_loss=0.0000 | contrastive_loss=0.0606 | loss_gain=20.5437 | loss_freq=3.7787 | loss_q=0.9424 | param_loss=37.8972 | type_loss=1.3628 | hmag_loss=1.8280 | spectral_loss=0.0000 | activity_loss=0.0000 | spread_loss=-0.6551 | embed_var=0.9398
  [grads] step=160 grad_gain=0.2051 | grad_type=0.0050
  [train] step=170 loss=42.4871 lr=8.95e-05 | embed_var_loss=0.0000 | contrastive_loss=0.0614 | loss_gain=21.7267 | loss_freq=3.7295 | loss_q=0.9225 | param_loss=39.5680 | type_loss=1.3600 | hmag_loss=1.7730 | spectral_loss=0.0000 | activity_loss=0.0000 | spread_loss=-0.6739 | embed_var=0.9391
  [grads] step=170 grad_gain=0.2042 | grad_type=0.0023
  [train] Epoch 1 components: activity_loss=0.0000 | contrastive_loss=0.0611 | embed_var_loss=0.0000 | hmag_loss=1.9346 | loss_freq=3.6869 | loss_gain=23.6543 | loss_q=0.9175 | param_loss=42.3882 | spectral_loss=0.0000 | spread_loss=-0.6635 | type_loss=1.4344
/home/zeus/miniconda3/envs/cloudspace/lib/python3.12/site-packages/torch/_inductor/lowering.py:7095: UserWarning: 
Online softmax is disabled on the fly since Inductor decides to
split the reduction. Cut an issue to PyTorch if this is an
important use case and you want to speed it up with online
softmax.

  warnings.warn(
/home/zeus/miniconda3/envs/cloudspace/lib/python3.12/site-packages/torch/_inductor/lowering.py:7095: UserWarning: 
Online softmax is disabled on the fly since Inductor decides to
split the reduction. Cut an issue to PyTorch if this is an
important use case and you want to speed it up with online
softmax.

  warnings.warn(
  [val] epoch=1 val_loss=46.5221 gain_mae=6.85dB gain_raw=11.34dB freq_mae=3.133oct q_mae=0.455dec type_acc=48.2%
  Saved checkpoint: checkpoints/epoch_001.pt (best)
Epoch 1/80 (152.3s) train=45.4999 val=46.5221
  [train] step=180 loss=40.9137 lr=9.30e-05 | embed_var_loss=0.0000 | contrastive_loss=0.0609 | loss_gain=20.7683 | loss_freq=3.6333 | loss_q=0.9195 | param_loss=37.9816 | type_loss=1.3472 | hmag_loss=1.8375 | spectral_loss=0.0000 | activity_loss=0.0000 | spread_loss=-0.6805 | embed_var=0.9395
  [grads] step=180 grad_gain=0.1816 | grad_type=0.0061
  [train] step=190 loss=40.8446 lr=9.65e-05 | embed_var_loss=0.0000 | contrastive_loss=0.0606 | loss_gain=20.6439 | loss_freq=3.7063 | loss_q=0.9259 | param_loss=37.9141 | type_loss=1.3621 | hmag_loss=1.7896 | spectral_loss=0.0000 | activity_loss=0.0000 | spread_loss=-0.6792 | embed_var=0.9398
  [grads] step=190 grad_gain=0.2013 | grad_type=0.0024
  [train] step=200 loss=40.6301 lr=1.00e-04 | embed_var_loss=0.0000 | contrastive_loss=0.0611 | loss_gain=20.6096 | loss_freq=3.6004 | loss_q=0.9418 | param_loss=37.7277 | type_loss=1.3456 | hmag_loss=1.7827 | spectral_loss=0.0000 | activity_loss=0.0000 | spread_loss=-0.6758 | embed_var=0.9392
  [grads] step=200 grad_gain=0.1986 | grad_type=0.0057
  [train] step=210 loss=41.7570 lr=1.00e-04 | embed_var_loss=0.0000 | contrastive_loss=0.0606 | loss_gain=21.2446 | loss_freq=3.7093 | loss_q=0.9561 | param_loss=38.8651 | type_loss=1.3383 | hmag_loss=1.7835 | spectral_loss=0.0000 | activity_loss=0.0000 | spread_loss=-0.6644 | embed_var=0.9395
  [grads] step=210 grad_gain=0.1884 | grad_type=0.0055
  [train] step=220 loss=41.7065 lr=1.00e-04 | embed_var_loss=0.0000 | contrastive_loss=0.0624 | loss_gain=21.2269 | loss_freq=3.7362 | loss_q=0.9459 | param_loss=38.8636 | type_loss=1.3177 | hmag_loss=1.7467 | spectral_loss=0.0000 | activity_loss=0.0000 | spread_loss=-0.6618 | embed_var=0.9378
  [grads] step=220 grad_gain=0.2045 | grad_type=0.0035
  [train] step=230 loss=40.7270 lr=1.00e-04 | embed_var_loss=0.0000 | contrastive_loss=0.0598 | loss_gain=20.5300 | loss_freq=3.7271 | loss_q=0.9400 | param_loss=37.7956 | type_loss=1.3541 | hmag_loss=1.8138 | spectral_loss=0.0000 | activity_loss=0.0000 | spread_loss=-0.6305 | embed_var=0.9403
  [grads] step=230 grad_gain=0.2062 | grad_type=0.0053
  [train] step=240 loss=40.9675 lr=1.00e-04 | embed_var_loss=0.0000 | contrastive_loss=0.0591 | loss_gain=20.8149 | loss_freq=3.6498 | loss_q=0.9103 | param_loss=38.0625 | type_loss=1.3409 | hmag_loss=1.8024 | spectral_loss=0.0000 | activity_loss=0.0000 | spread_loss=-0.6715 | embed_var=0.9410
  [grads] step=240 grad_gain=0.2073 | grad_type=0.0042
  [train] step=250 loss=40.4745 lr=1.00e-04 | embed_var_loss=0.0000 | contrastive_loss=0.0596 | loss_gain=20.4812 | loss_freq=3.6653 | loss_q=0.9414 | param_loss=37.6319 | type_loss=1.3188 | hmag_loss=1.7428 | spectral_loss=0.0000 | activity_loss=0.0000 | spread_loss=-0.6520 | embed_var=0.9404
  [grads] step=250 grad_gain=0.2051 | grad_type=0.0059
  [train] step=260 loss=40.8399 lr=1.00e-04 | embed_var_loss=0.0000 | contrastive_loss=0.0627 | loss_gain=20.6170 | loss_freq=3.7567 | loss_q=0.9185 | param_loss=37.9383 | type_loss=1.3274 | hmag_loss=1.8354 | spectral_loss=0.0000 | activity_loss=0.0000 | spread_loss=-0.6782 | embed_var=0.9374
  [grads] step=260 grad_gain=0.1973 | grad_type=0.0054
  [train] step=270 loss=39.8935 lr=1.00e-04 | embed_var_loss=0.0000 | contrastive_loss=0.0580 | loss_gain=20.0733 | loss_freq=3.6967 | loss_q=0.9149 | param_loss=37.0275 | type_loss=1.3463 | hmag_loss=1.7080 | spectral_loss=0.0000 | activity_loss=0.0000 | spread_loss=-0.6600 | embed_var=0.9419
  [grads] step=270 grad_gain=0.1825 | grad_type=0.0062
  [train] step=280 loss=39.6739 lr=1.00e-04 | embed_var_loss=0.0000 | contrastive_loss=0.0614 | loss_gain=19.7474 | loss_freq=3.8831 | loss_q=0.9088 | param_loss=36.8089 | type_loss=1.3409 | hmag_loss=1.7209 | spectral_loss=0.0000 | activity_loss=0.0000 | spread_loss=-0.6463 | embed_var=0.9386
  [grads] step=280 grad_gain=0.1819 | grad_type=0.0080
  [train] step=290 loss=39.3954 lr=1.00e-04 | embed_var_loss=0.0000 | contrastive_loss=0.0622 | loss_gain=19.7422 | loss_freq=3.7283 | loss_q=0.9014 | param_loss=36.5580 | type_loss=1.3103 | hmag_loss=1.7583 | spectral_loss=0.0000 | activity_loss=0.0000 | spread_loss=-0.6741 | embed_var=0.9379
  [grads] step=290 grad_gain=0.2062 | grad_type=0.0027
  [train] step=300 loss=40.8621 lr=1.00e-04 | embed_var_loss=0.0000 | contrastive_loss=0.0619 | loss_gain=20.5453 | loss_freq=3.8295 | loss_q=0.9381 | param_loss=37.9693 | type_loss=1.3412 | hmag_loss=1.7754 | spectral_loss=0.0000 | activity_loss=0.0000 | spread_loss=-0.6471 | embed_var=0.9380
  [grads] step=300 grad_gain=0.2038 | grad_type=0.0045
  [train] step=310 loss=40.3456 lr=1.00e-04 | embed_var_loss=0.0000 | contrastive_loss=0.0601 | loss_gain=20.2964 | loss_freq=3.7644 | loss_q=0.9448 | param_loss=37.5084 | type_loss=1.3150 | hmag_loss=1.7428 | spectral_loss=0.0000 | activity_loss=0.0000 | spread_loss=-0.6414 | embed_var=0.9396
  [grads] step=310 grad_gain=0.1768 | grad_type=0.0073
  [train] step=320 loss=39.9331 lr=1.00e-04 | embed_var_loss=0.0000 | contrastive_loss=0.0606 | loss_gain=19.9776 | loss_freq=3.8238 | loss_q=0.9382 | param_loss=37.1094 | type_loss=1.3201 | hmag_loss=1.7016 | spectral_loss=0.0000 | activity_loss=0.0000 | spread_loss=-0.6620 | embed_var=0.9393
  [grads] step=320 grad_gain=0.2104 | grad_type=0.0034
  [train] step=330 loss=39.6821 lr=1.00e-04 | embed_var_loss=0.0000 | contrastive_loss=0.0640 | loss_gain=20.0637 | loss_freq=3.5786 | loss_q=0.9326 | param_loss=36.8622 | type_loss=1.3046 | hmag_loss=1.7388 | spectral_loss=0.0000 | activity_loss=0.0000 | spread_loss=-0.6395 | embed_var=0.9360
  [grads] step=330 grad_gain=0.2029 | grad_type=0.0045
  [train] step=340 loss=40.1245 lr=1.00e-04 | embed_var_loss=0.0000 | contrastive_loss=0.0666 | loss_gain=20.0601 | loss_freq=3.8766 | loss_q=0.9249 | param_loss=37.2924 | type_loss=1.3195 | hmag_loss=1.7188 | spectral_loss=0.0000 | activity_loss=0.0000 | spread_loss=-0.6590 | embed_var=0.9333
  [grads] step=340 grad_gain=0.1874 | grad_type=0.0109
  [train] step=350 loss=39.6584 lr=1.00e-04 | embed_var_loss=0.0000 | contrastive_loss=0.0627 | loss_gain=19.9620 | loss_freq=3.6664 | loss_q=0.9223 | param_loss=36.8260 | type_loss=1.3345 | hmag_loss=1.6754 | spectral_loss=0.0000 | activity_loss=0.0000 | spread_loss=-0.6709 | embed_var=0.9370
  [train] Epoch 2 components: activity_loss=0.0000 | contrastive_loss=0.0612 | embed_var_loss=0.0000 | hmag_loss=1.7599 | loss_freq=3.7270 | loss_gain=20.4261 | loss_q=0.9308 | param_loss=37.6258 | spectral_loss=0.0000 | spread_loss=-0.6622 | type_loss=1.3379
  [val] epoch=2 val_loss=46.1877 gain_mae=6.82dB gain_raw=11.56dB freq_mae=3.130oct q_mae=0.459dec type_acc=47.2%
  Saved checkpoint: checkpoints/epoch_002.pt (best)
Epoch 2/80 (118.8s) train=40.5055 val=46.1877
  [grads] step=350 grad_gain=0.1822 | grad_type=0.0099
  [train] step=360 loss=38.6767 lr=1.67e-04 | embed_var_loss=0.0000 | contrastive_loss=0.0617 | loss_gain=19.1474 | loss_freq=3.8297 | loss_q=0.9199 | param_loss=35.8455 | type_loss=1.3227 | hmag_loss=1.7079 | spectral_loss=0.0000 | activity_loss=0.0000 | spread_loss=-0.6479 | embed_var=0.9379
  [grads] step=360 grad_gain=0.1927 | grad_type=0.0077
  [train] step=370 loss=40.1919 lr=1.67e-04 | embed_var_loss=0.0000 | contrastive_loss=0.0614 | loss_gain=20.2219 | loss_freq=3.7663 | loss_q=0.9348 | param_loss=37.3846 | type_loss=1.2978 | hmag_loss=1.7353 | spectral_loss=0.0000 | activity_loss=0.0000 | spread_loss=-0.6607 | embed_var=0.9381
  [grads] step=370 grad_gain=0.2087 | grad_type=0.0058
  [train] step=380 loss=38.7060 lr=1.67e-04 | embed_var_loss=0.0000 | contrastive_loss=0.0632 | loss_gain=19.2213 | loss_freq=3.7438 | loss_q=0.9576 | param_loss=35.8840 | type_loss=1.3154 | hmag_loss=1.7121 | spectral_loss=0.0000 | activity_loss=0.0000 | spread_loss=-0.6702 | embed_var=0.9365
  [grads] step=380 grad_gain=0.1784 | grad_type=0.0087
  [train] step=390 loss=38.9774 lr=1.67e-04 | embed_var_loss=0.0000 | contrastive_loss=0.0604 | loss_gain=19.4893 | loss_freq=3.6819 | loss_q=0.9304 | param_loss=36.1524 | type_loss=1.3170 | hmag_loss=1.7128 | spectral_loss=0.0000 | activity_loss=0.0000 | spread_loss=-0.6508 | embed_var=0.9390
  [grads] step=390 grad_gain=0.2004 | grad_type=0.0093
  [train] step=400 loss=39.6055 lr=1.67e-04 | embed_var_loss=0.0000 | contrastive_loss=0.0609 | loss_gain=19.9496 | loss_freq=3.6529 | loss_q=0.9289 | param_loss=36.7970 | type_loss=1.3094 | hmag_loss=1.7042 | spectral_loss=0.0000 | activity_loss=0.0000 | spread_loss=-0.6869 | embed_var=0.9385
  [grads] step=400 grad_gain=0.2081 | grad_type=0.0031
  [train] step=410 loss=39.8958 lr=1.67e-04 | embed_var_loss=0.0000 | contrastive_loss=0.0617 | loss_gain=20.0902 | loss_freq=3.6482 | loss_q=0.9491 | param_loss=37.0313 | type_loss=1.3161 | hmag_loss=1.7957 | spectral_loss=0.0000 | activity_loss=0.0000 | spread_loss=-0.6852 | embed_var=0.9377
  [grads] step=410 grad_gain=0.2013 | grad_type=0.0050
  [train] step=420 loss=39.4040 lr=1.67e-04 | embed_var_loss=0.0000 | contrastive_loss=0.0593 | loss_gain=19.7317 | loss_freq=3.7401 | loss_q=0.9527 | param_loss=36.6368 | type_loss=1.2980 | hmag_loss=1.6558 | spectral_loss=0.0000 | activity_loss=0.0000 | spread_loss=-0.6796 | embed_var=0.9397
  [grads] step=420 grad_gain=0.1805 | grad_type=0.0094
  [train] step=430 loss=39.6545 lr=1.67e-04 | embed_var_loss=0.0000 | contrastive_loss=0.0611 | loss_gain=19.8785 | loss_freq=3.7802 | loss_q=0.9242 | param_loss=36.8743 | type_loss=1.2923 | hmag_loss=1.6980 | spectral_loss=0.0000 | activity_loss=0.0000 | spread_loss=-0.6693 | embed_var=0.9381
  [grads] step=430 grad_gain=0.2024 | grad_type=0.0070
  [train] step=440 loss=39.0836 lr=1.67e-04 | embed_var_loss=0.0000 | contrastive_loss=0.0630 | loss_gain=19.5815 | loss_freq=3.7023 | loss_q=0.9315 | param_loss=36.3230 | type_loss=1.2870 | hmag_loss=1.6736 | spectral_loss=0.0000 | activity_loss=0.0000 | spread_loss=-0.6521 | embed_var=0.9363
  [grads] step=440 grad_gain=0.1997 | grad_type=0.0057
  [train] step=450 loss=40.0975 lr=1.67e-04 | embed_var_loss=0.0000 | contrastive_loss=0.0627 | loss_gain=20.2799 | loss_freq=3.6970 | loss_q=0.9296 | param_loss=37.3597 | type_loss=1.2908 | hmag_loss=1.6182 | spectral_loss=0.0000 | activity_loss=0.0000 | spread_loss=-0.6898 | embed_var=0.9365
  [grads] step=450 grad_gain=0.1938 | grad_type=0.0059
  [train] step=460 loss=39.0547 lr=1.67e-04 | embed_var_loss=0.0000 | contrastive_loss=0.0609 | loss_gain=19.5085 | loss_freq=3.7489 | loss_q=0.9374 | param_loss=36.2922 | type_loss=1.2938 | hmag_loss=1.6584 | spectral_loss=0.0000 | activity_loss=0.0000 | spread_loss=-0.6750 | embed_var=0.9382
  [grads] step=460 grad_gain=0.1944 | grad_type=0.0077
  [train] step=470 loss=38.0618 lr=1.67e-04 | embed_var_loss=0.0000 | contrastive_loss=0.0622 | loss_gain=18.8729 | loss_freq=3.6933 | loss_q=0.9605 | param_loss=35.2900 | type_loss=1.3013 | hmag_loss=1.6533 | spectral_loss=0.0000 | activity_loss=0.0000 | spread_loss=-0.6495 | embed_var=0.9370
  [grads] step=470 grad_gain=0.2100 | grad_type=0.0050
  [train] step=480 loss=39.0673 lr=1.67e-04 | embed_var_loss=0.0000 | contrastive_loss=0.0609 | loss_gain=19.5232 | loss_freq=3.7339 | loss_q=0.9416 | param_loss=36.2981 | type_loss=1.3060 | hmag_loss=1.6346 | spectral_loss=0.0000 | activity_loss=0.0000 | spread_loss=-0.6633 | embed_var=0.9379
  [grads] step=480 grad_gain=0.1875 | grad_type=0.0078
  [train] step=490 loss=39.5312 lr=1.67e-04 | embed_var_loss=0.0000 | contrastive_loss=0.0611 | loss_gain=19.9116 | loss_freq=3.6670 | loss_q=0.9491 | param_loss=36.7915 | type_loss=1.2944 | hmag_loss=1.6107 | spectral_loss=0.0000 | activity_loss=0.0000 | spread_loss=-0.6703 | embed_var=0.9376
  [grads] step=490 grad_gain=0.2022 | grad_type=0.0063
  [train] step=500 loss=38.8552 lr=1.67e-04 | embed_var_loss=0.0000 | contrastive_loss=0.0606 | loss_gain=19.4250 | loss_freq=3.7117 | loss_q=0.9389 | param_loss=36.1135 | type_loss=1.2948 | hmag_loss=1.6146 | spectral_loss=0.0000 | activity_loss=0.0000 | spread_loss=-0.6867 | embed_var=0.9382
  [grads] step=500 grad_gain=0.2133 | grad_type=0.0048
  [train] step=510 loss=39.3565 lr=1.67e-04 | embed_var_loss=0.0000 | contrastive_loss=0.0604 | loss_gain=19.7180 | loss_freq=3.7354 | loss_q=0.9352 | param_loss=36.5829 | type_loss=1.2930 | hmag_loss=1.6823 | spectral_loss=0.0000 | activity_loss=0.0000 | spread_loss=-0.6579 | embed_var=0.9384
  [grads] step=510 grad_gain=0.2091 | grad_type=0.0051
  [train] step=520 loss=38.3145 lr=1.67e-04 | embed_var_loss=0.0000 | contrastive_loss=0.0606 | loss_gain=19.0376 | loss_freq=3.7089 | loss_q=0.9336 | param_loss=35.5202 | type_loss=1.3070 | hmag_loss=1.6829 | spectral_loss=0.0000 | activity_loss=0.0000 | spread_loss=-0.6830 | embed_var=0.9379
  [grads] step=520 grad_gain=0.2124 | grad_type=0.0031
  [train] Epoch 3 components: activity_loss=0.0000 | contrastive_loss=0.0610 | embed_var_loss=0.0000 | hmag_loss=1.6849 | loss_freq=3.7237 | loss_gain=19.7139 | loss_q=0.9306 | param_loss=36.5523 | spectral_loss=0.0000 | spread_loss=-0.6615 | type_loss=1.3071
  [val] epoch=3 val_loss=44.5871 gain_mae=6.61dB gain_raw=11.65dB freq_mae=3.139oct q_mae=0.459dec type_acc=48.6%
  Saved checkpoint: checkpoints/epoch_003.pt (best)
Epoch 3/80 (118.7s) train=39.3483 val=44.5871
  [train] step=530 loss=38.9873 lr=2.33e-04 | embed_var_loss=0.0000 | contrastive_loss=0.0630 | loss_gain=19.4878 | loss_freq=3.7338 | loss_q=0.9364 | param_loss=36.2370 | type_loss=1.2887 | hmag_loss=1.6486 | spectral_loss=0.0000 | activity_loss=0.0000 | spread_loss=-0.6647 | embed_var=0.9358
  [grads] step=530 grad_gain=0.1830 | grad_type=0.0150
  [train] step=540 loss=38.9718 lr=2.33e-04 | embed_var_loss=0.0000 | contrastive_loss=0.0622 | loss_gain=19.5423 | loss_freq=3.6628 | loss_q=0.9458 | param_loss=36.2264 | type_loss=1.2801 | hmag_loss=1.6646 | spectral_loss=0.0000 | activity_loss=0.0000 | spread_loss=-0.6583 | embed_var=0.9365
  [grads] step=540 grad_gain=0.2092 | grad_type=0.0032
  [train] step=550 loss=38.1806 lr=2.33e-04 | embed_var_loss=0.0000 | contrastive_loss=0.0614 | loss_gain=18.9268 | loss_freq=3.7103 | loss_q=0.9750 | param_loss=35.4183 | type_loss=1.3002 | hmag_loss=1.6387 | spectral_loss=0.0000 | activity_loss=0.0000 | spread_loss=-0.6741 | embed_var=0.9369
  [grads] step=550 grad_gain=0.1839 | grad_type=0.0263
  [train] step=560 loss=37.6422 lr=2.33e-04 | embed_var_loss=0.0000 | contrastive_loss=0.0619 | loss_gain=18.5523 | loss_freq=3.7797 | loss_q=0.9340 | param_loss=34.8989 | type_loss=1.2947 | hmag_loss=1.6170 | spectral_loss=0.0000 | activity_loss=0.0000 | spread_loss=-0.6752 | embed_var=0.9364
  [grads] step=560 grad_gain=0.1865 | grad_type=0.0094
  [train] step=570 loss=38.8770 lr=2.33e-04 | embed_var_loss=0.0000 | contrastive_loss=0.0601 | loss_gain=19.4114 | loss_freq=3.6971 | loss_q=0.9555 | param_loss=36.0959 | type_loss=1.2963 | hmag_loss=1.6875 | spectral_loss=0.0000 | activity_loss=0.0000 | spread_loss=-0.6541 | embed_var=0.9380
  [grads] step=570 grad_gain=0.2155 | grad_type=0.0026
  [train] step=580 loss=38.5115 lr=2.33e-04 | embed_var_loss=0.0000 | contrastive_loss=0.0598 | loss_gain=19.2555 | loss_freq=3.6545 | loss_q=0.9307 | param_loss=35.7610 | type_loss=1.2985 | hmag_loss=1.6198 | spectral_loss=0.0000 | activity_loss=0.0000 | spread_loss=-0.6637 | embed_var=0.9381
  [grads] step=580 grad_gain=0.2141 | grad_type=0.0041
  [train] step=590 loss=38.5442 lr=2.33e-04 | embed_var_loss=0.0000 | contrastive_loss=0.0619 | loss_gain=19.3369 | loss_freq=3.6254 | loss_q=0.9115 | param_loss=35.8108 | type_loss=1.2815 | hmag_loss=1.6359 | spectral_loss=0.0000 | activity_loss=0.0000 | spread_loss=-0.6507 | embed_var=0.9363
  [grads] step=590 grad_gain=0.2123 | grad_type=0.0044
  [train] step=600 loss=38.2930 lr=2.33e-04 | embed_var_loss=0.0000 | contrastive_loss=0.0583 | loss_gain=19.0805 | loss_freq=3.6795 | loss_q=0.9674 | param_loss=35.5910 | type_loss=1.2703 | hmag_loss=1.6082 | spectral_loss=0.0000 | activity_loss=0.0000 | spread_loss=-0.6676 | embed_var=0.9396
  [grads] step=600 grad_gain=0.1991 | grad_type=0.0100
  [train] step=610 loss=38.5428 lr=2.33e-04 | embed_var_loss=0.0000 | contrastive_loss=0.0609 | loss_gain=19.2749 | loss_freq=3.6573 | loss_q=0.9397 | param_loss=35.8077 | type_loss=1.2754 | hmag_loss=1.6571 | spectral_loss=0.0000 | activity_loss=0.0000 | spread_loss=-0.6343 | embed_var=0.9369
  [grads] step=610 grad_gain=0.2174 | grad_type=0.0081
  [train] step=620 loss=39.2458 lr=2.33e-04 | embed_var_loss=0.0000 | contrastive_loss=0.0604 | loss_gain=19.6641 | loss_freq=3.7418 | loss_q=0.9284 | param_loss=36.5013 | type_loss=1.2667 | hmag_loss=1.7025 | spectral_loss=0.0000 | activity_loss=0.0000 | spread_loss=-0.6376 | embed_var=0.9373
  [grads] step=620 grad_gain=0.1875 | grad_type=0.0198
  [train] step=630 loss=38.3434 lr=2.33e-04 | embed_var_loss=0.0000 | contrastive_loss=0.0640 | loss_gain=18.9618 | loss_freq=3.8577 | loss_q=0.9343 | param_loss=35.6307 | type_loss=1.2775 | hmag_loss=1.6064 | spectral_loss=0.0000 | activity_loss=0.0000 | spread_loss=-0.6551 | embed_var=0.9340
  [grads] step=630 grad_gain=0.2098 | grad_type=0.0154
  [train] step=640 loss=37.9072 lr=2.33e-04 | embed_var_loss=0.0000 | contrastive_loss=0.0645 | loss_gain=18.7653 | loss_freq=3.7367 | loss_q=0.9442 | param_loss=35.1693 | type_loss=1.2819 | hmag_loss=1.6426 | spectral_loss=0.0000 | activity_loss=0.0000 | spread_loss=-0.6358 | embed_var=0.9332
  [grads] step=640 grad_gain=0.2233 | grad_type=0.0067
  [train] step=650 loss=38.3525 lr=2.33e-04 | embed_var_loss=0.0000 | contrastive_loss=0.0627 | loss_gain=19.0367 | loss_freq=3.7621 | loss_q=0.9406 | param_loss=35.6090 | type_loss=1.2836 | hmag_loss=1.6497 | spectral_loss=0.0000 | activity_loss=0.0000 | spread_loss=-0.6492 | embed_var=0.9350
  [grads] step=650 grad_gain=0.2134 | grad_type=0.0068
  [train] step=660 loss=38.0852 lr=2.33e-04 | embed_var_loss=0.0000 | contrastive_loss=0.0617 | loss_gain=18.8887 | loss_freq=3.7685 | loss_q=0.8981 | param_loss=35.3329 | type_loss=1.2985 | hmag_loss=1.6236 | spectral_loss=0.0000 | activity_loss=0.0000 | spread_loss=-0.6716 | embed_var=0.9359
  [grads] step=660 grad_gain=0.2161 | grad_type=0.0129
  [train] step=670 loss=37.9206 lr=2.33e-04 | embed_var_loss=0.0000 | contrastive_loss=0.0617 | loss_gain=18.8572 | loss_freq=3.6251 | loss_q=0.9635 | param_loss=35.1687 | type_loss=1.2848 | hmag_loss=1.6639 | spectral_loss=0.0000 | activity_loss=0.0000 | spread_loss=-0.6724 | embed_var=0.9358
  [grads] step=670 grad_gain=0.2113 | grad_type=0.0029
  [train] step=680 loss=38.3397 lr=2.33e-04 | embed_var_loss=0.0000 | contrastive_loss=0.0585 | loss_gain=19.0834 | loss_freq=3.6997 | loss_q=0.9622 | param_loss=35.6180 | type_loss=1.2810 | hmag_loss=1.6147 | spectral_loss=0.0000 | activity_loss=0.0000 | spread_loss=-0.6519 | embed_var=0.9386
  [grads] step=680 grad_gain=0.2123 | grad_type=0.0057
  [train] step=690 loss=36.9325 lr=2.33e-04 | embed_var_loss=0.0000 | contrastive_loss=0.0617 | loss_gain=18.1453 | loss_freq=3.7029 | loss_q=0.9610 | param_loss=34.2137 | type_loss=1.2767 | hmag_loss=1.6214 | spectral_loss=0.0000 | activity_loss=0.0000 | spread_loss=-0.6580 | embed_var=0.9355
  [grads] step=690 grad_gain=0.2080 | grad_type=0.0040
  [train] step=700 loss=37.6978 lr=2.33e-04 | embed_var_loss=0.0000 | contrastive_loss=0.0622 | loss_gain=18.6507 | loss_freq=3.7373 | loss_q=0.9231 | param_loss=34.9667 | type_loss=1.2774 | hmag_loss=1.6443 | spectral_loss=0.0000 | activity_loss=0.0000 | spread_loss=-0.6698 | embed_var=0.9350
  [train] Epoch 4 components: activity_loss=0.0000 | contrastive_loss=0.0609 | embed_var_loss=0.0000 | hmag_loss=1.6436 | loss_freq=3.7292 | loss_gain=19.1620 | loss_q=0.9312 | param_loss=35.7336 | spectral_loss=0.0000 | spread_loss=-0.6601 | type_loss=1.2863
  [val] epoch=4 val_loss=44.6360 gain_mae=6.62dB gain_raw=11.76dB freq_mae=3.132oct q_mae=0.461dec type_acc=47.8%
  Saved checkpoint: checkpoints/epoch_004.pt
Epoch 4/80 (118.6s) train=38.4777 val=44.6360
  [grads] step=700 grad_gain=0.1969 | grad_type=0.0150
  [train] step=710 loss=38.2504 lr=3.00e-04 | embed_var_loss=0.0000 | contrastive_loss=0.0635 | loss_gain=19.1035 | loss_freq=3.6494 | loss_q=0.9142 | param_loss=35.5008 | type_loss=1.2964 | hmag_loss=1.6231 | spectral_loss=0.0000 | activity_loss=0.0000 | spread_loss=-0.6462 | embed_var=0.9337
  [grads] step=710 grad_gain=0.2089 | grad_type=0.0045
  [train] step=720 loss=38.0402 lr=3.00e-04 | embed_var_loss=0.0000 | contrastive_loss=0.0596 | loss_gain=18.8042 | loss_freq=3.8110 | loss_q=0.9315 | param_loss=35.3201 | type_loss=1.2659 | hmag_loss=1.6573 | spectral_loss=0.0000 | activity_loss=0.0000 | spread_loss=-0.6622 | embed_var=0.9372
  [grads] step=720 grad_gain=0.2095 | grad_type=0.0166
  [train] step=730 loss=37.5895 lr=3.00e-04 | embed_var_loss=0.0000 | contrastive_loss=0.0614 | loss_gain=18.5244 | loss_freq=3.7803 | loss_q=0.9106 | param_loss=34.8229 | type_loss=1.3126 | hmag_loss=1.6081 | spectral_loss=0.0000 | activity_loss=0.0000 | spread_loss=-0.6293 | embed_var=0.9354
  [grads] step=730 grad_gain=0.1993 | grad_type=0.0057
  [train] step=740 loss=38.1533 lr=3.00e-04 | embed_var_loss=0.0000 | contrastive_loss=0.0601 | loss_gain=18.9975 | loss_freq=3.6835 | loss_q=0.9430 | param_loss=35.4360 | type_loss=1.2794 | hmag_loss=1.6112 | spectral_loss=0.0000 | activity_loss=0.0000 | spread_loss=-0.6727 | embed_var=0.9365
  [grads] step=740 grad_gain=0.1936 | grad_type=0.0178
  [train] step=750 loss=38.0293 lr=3.00e-04 | embed_var_loss=0.0000 | contrastive_loss=0.0611 | loss_gain=18.9316 | loss_freq=3.6980 | loss_q=0.9125 | param_loss=35.3132 | type_loss=1.2761 | hmag_loss=1.6173 | spectral_loss=0.0000 | activity_loss=0.0000 | spread_loss=-0.6400 | embed_var=0.9355
  [grads] step=750 grad_gain=0.2077 | grad_type=0.0054
  [train] step=760 loss=36.9061 lr=3.00e-04 | embed_var_loss=0.0000 | contrastive_loss=0.0604 | loss_gain=18.1962 | loss_freq=3.6554 | loss_q=0.9236 | param_loss=34.1628 | type_loss=1.2899 | hmag_loss=1.6328 | spectral_loss=0.0000 | activity_loss=0.0000 | spread_loss=-0.6979 | embed_var=0.9361
  [grads] step=760 grad_gain=0.2024 | grad_type=0.0143
  [train] step=770 loss=37.6708 lr=3.00e-04 | embed_var_loss=0.0000 | contrastive_loss=0.0601 | loss_gain=18.5268 | loss_freq=3.8349 | loss_q=0.9305 | param_loss=34.9383 | type_loss=1.2838 | hmag_loss=1.6281 | spectral_loss=0.0000 | activity_loss=0.0000 | spread_loss=-0.6631 | embed_var=0.9362
  [grads] step=770 grad_gain=0.1886 | grad_type=0.0147
  [train] step=780 loss=38.6823 lr=3.00e-04 | embed_var_loss=0.0000 | contrastive_loss=0.0596 | loss_gain=19.2845 | loss_freq=3.7348 | loss_q=0.9324 | param_loss=35.9277 | type_loss=1.2724 | hmag_loss=1.7063 | spectral_loss=0.0000 | activity_loss=0.0000 | spread_loss=-0.6576 | embed_var=0.9366
  [grads] step=780 grad_gain=0.2200 | grad_type=0.0068
  [train] step=790 loss=37.8085 lr=3.00e-04 | embed_var_loss=0.0000 | contrastive_loss=0.0640 | loss_gain=18.6803 | loss_freq=3.7763 | loss_q=0.9187 | param_loss=35.0629 | type_loss=1.2864 | hmag_loss=1.6446 | spectral_loss=0.0000 | activity_loss=0.0000 | spread_loss=-0.6319 | embed_var=0.9324
  [grads] step=790 grad_gain=0.2057 | grad_type=0.0181
  [train] step=800 loss=38.8780 lr=3.00e-04 | embed_var_loss=0.0000 | contrastive_loss=0.0601 | loss_gain=19.4230 | loss_freq=3.7756 | loss_q=0.9304 | param_loss=36.1936 | type_loss=1.2583 | hmag_loss=1.6085 | spectral_loss=0.0000 | activity_loss=0.0000 | spread_loss=-0.6677 | embed_var=0.9359
  [grads] step=800 grad_gain=0.1989 | grad_type=0.0087
  [train] step=810 loss=37.3326 lr=3.00e-04 | embed_var_loss=0.0000 | contrastive_loss=0.0609 | loss_gain=18.4454 | loss_freq=3.6698 | loss_q=0.9472 | param_loss=34.5936 | type_loss=1.2754 | hmag_loss=1.6653 | spectral_loss=0.0000 | activity_loss=0.0000 | spread_loss=-0.6438 | embed_var=0.9349
  [grads] step=810 grad_gain=0.2124 | grad_type=0.0075
  [train] step=820 loss=38.1310 lr=3.00e-04 | embed_var_loss=0.0000 | contrastive_loss=0.0611 | loss_gain=18.7398 | loss_freq=3.8800 | loss_q=0.9542 | param_loss=35.3611 | type_loss=1.3004 | hmag_loss=1.6534 | spectral_loss=0.0000 | activity_loss=0.0000 | spread_loss=-0.6798 | embed_var=0.9347
  [grads] step=820 grad_gain=0.2144 | grad_type=0.0079
  [train] step=830 loss=37.2577 lr=3.00e-04 | embed_var_loss=0.0000 | contrastive_loss=0.0593 | loss_gain=18.3481 | loss_freq=3.7698 | loss_q=0.9224 | param_loss=34.5604 | type_loss=1.2753 | hmag_loss=1.5827 | spectral_loss=0.0000 | activity_loss=0.0000 | spread_loss=-0.6511 | embed_var=0.9363
  [grads] step=830 grad_gain=0.2122 | grad_type=0.0036
  [train] step=840 loss=38.0877 lr=3.00e-04 | embed_var_loss=0.0000 | contrastive_loss=0.0583 | loss_gain=19.0021 | loss_freq=3.6450 | loss_q=0.9300 | param_loss=35.3656 | type_loss=1.2758 | hmag_loss=1.6310 | spectral_loss=0.0000 | activity_loss=0.0000 | spread_loss=-0.6492 | embed_var=0.9371
  [grads] step=840 grad_gain=0.2196 | grad_type=0.0083
  [train] step=850 loss=37.3938 lr=3.00e-04 | embed_var_loss=0.0000 | contrastive_loss=0.0567 | loss_gain=18.4857 | loss_freq=3.7075 | loss_q=0.9369 | param_loss=34.6951 | type_loss=1.2682 | hmag_loss=1.6090 | spectral_loss=0.0000 | activity_loss=0.0000 | spread_loss=-0.6847 | embed_var=0.9383
  [grads] step=850 grad_gain=0.2166 | grad_type=0.0041
  [train] step=860 loss=37.7207 lr=3.00e-04 | embed_var_loss=0.0000 | contrastive_loss=0.0604 | loss_gain=18.6409 | loss_freq=3.7520 | loss_q=0.9313 | param_loss=34.9864 | type_loss=1.2929 | hmag_loss=1.6049 | spectral_loss=0.0000 | activity_loss=0.0000 | spread_loss=-0.6711 | embed_var=0.9350
  [grads] step=860 grad_gain=0.2213 | grad_type=0.0077
  [train] step=870 loss=36.1845 lr=3.00e-04 | embed_var_loss=0.0000 | contrastive_loss=0.0604 | loss_gain=17.5438 | loss_freq=3.8450 | loss_q=0.9428 | param_loss=33.4975 | type_loss=1.2699 | hmag_loss=1.5791 | spectral_loss=0.0000 | activity_loss=0.0000 | spread_loss=-0.6696 | embed_var=0.9348
  [grads] step=870 grad_gain=0.2166 | grad_type=0.0038
  [train] Epoch 5 components: activity_loss=0.0000 | contrastive_loss=0.0607 | embed_var_loss=0.0000 | hmag_loss=1.6196 | loss_freq=3.7315 | loss_gain=18.8135 | loss_q=0.9312 | param_loss=35.2143 | spectral_loss=0.0000 | spread_loss=-0.6613 | type_loss=1.2749
  [val] epoch=5 val_loss=44.2932 gain_mae=6.56dB gain_raw=11.92dB freq_mae=3.136oct q_mae=0.465dec type_acc=48.8%
  Saved checkpoint: checkpoints/epoch_005.pt (best)
Epoch 5/80 (118.5s) train=37.9292 val=44.2932
  [train] step=880 loss=37.4951 lr=3.67e-04 | embed_var_loss=0.0000 | contrastive_loss=0.0624 | loss_gain=18.5567 | loss_freq=3.6914 | loss_q=0.9274 | param_loss=34.7632 | type_loss=1.2956 | hmag_loss=1.5913 | spectral_loss=0.0000 | activity_loss=0.0000 | spread_loss=-0.6744 | embed_var=0.9326
  [grads] step=880 grad_gain=0.2175 | grad_type=0.0090
